-------------------- VERSION 1.2.1 tag:1540679261 --------------
-------------------- INIT CHILD 1 1 --------------
-------------------- IN INIT CHILD 1 1 --------------
0: process 1 (pid 26925, parent 26924) has STARTED with balance $10
-------------------- CLOSED PIPES 1 1 --------------
-------------------- BEFORE TIME 1 1 --------------
-------------------- AFTER TIME 1 1 --------------
-------------------- SENT START 1 1 --------------
-------------------- RECEIVED START 1 1 --------------
1: process 1 received all STARTED messages
-------------------- HANDLE CHILD 1 1 --------------
-------------------- INIT CHILD 1 2 --------------
-------------------- IN INIT CHILD 1 2 --------------
-------------------- INIT CHILD 1 3 --------------
0: process 2 (pid 26926, parent 26924) has STARTED with balance $20
-------------------- CLOSED PIPES 1 2 --------------
-------------------- BEFORE TIME 1 2 --------------
-------------------- AFTER TIME 1 2 --------------
-------------------- SENT START 1 2 --------------
-------------------- RECEIVED START 1 2 --------------
1: process 2 received all STARTED messages
-------------------- HANDLE CHILD 1 2 --------------
-------------------- INIT PARENT 1 6 --------------
0: process 0 (pid 26924, parent 26778) has STARTED with balance $ 0
0: process 0 received all STARTED messages
-------------------- WORK PARENT 1 6 --------------
-------------------- INIT CHILD 1 4 --------------
-------------------- IN INIT CHILD 1 4 --------------
0: process 4 (pid 26928, parent 26924) has STARTED with balance $40
-------------------- CLOSED PIPES 1 4 --------------
-------------------- BEFORE TIME 1 4 --------------
-------------------- AFTER TIME 1 4 --------------
-------------------- SENT START 1 4 --------------
-------------------- RECEIVED START 1 4 --------------
1: process 4 received all STARTED messages
-------------------- HANDLE CHILD 1 4 --------------
-------------------- IN INIT CHILD 1 3 --------------
0: process 3 (pid 26927, parent 26924) has STARTED with balance $30
-------------------- CLOSED PIPES 1 3 --------------
-------------------- BEFORE TIME 1 3 --------------
-------------------- AFTER TIME 1 3 --------------
-------------------- SENT START 1 3 --------------
-------------------- RECEIVED START 1 3 --------------
1: process 3 received all STARTED messages
-------------------- HANDLE CHILD 1 3 --------------
3: process 1 transferred $ 1 to process 2
-------------------- INIT CHILD 1 5 --------------
-------------------- IN INIT CHILD 1 5 --------------
0: process 5 (pid 26929, parent 26924) has STARTED with balance $50
-------------------- CLOSED PIPES 1 5 --------------
5: process 2 received $ 1 from process 1
-------------------- BEFORE TIME 1 5 --------------
-------------------- AFTER TIME 1 5 --------------
-------------------- SENT START 1 5 --------------
-------------------- RECEIVED START 1 5 --------------
1: process 5 received all STARTED messages
Parent received ACK message
-------------------- HANDLE CHILD 1 5 --------------
9: process 2 transferred $ 2 to process 3
11: process 3 received $ 2 from process 2
Parent received ACK message
15: process 3 transferred $ 3 to process 4
17: process 4 received $ 3 from process 3
Parent received ACK message
21: process 4 transferred $ 4 to process 5
23: process 5 received $ 4 from process 4
Parent received ACK message
27: process 5 transferred $ 1 to process 1
29: process 1 received $ 1 from process 5
Parent received ACK message
33: process 1 has DONE with balance $10
33: process 2 has DONE with balance $19
33: process 3 has DONE with balance $29
33: process 4 has DONE with balance $39
Stop parent message from 1 with payload: 33: process 1 has DONE with balance $10

Stop parent message from 2 with payload: 33: process 2 has DONE with balance $19

Stop parent message from 3 with payload: 33: process 3 has DONE with balance $29

Stop parent message from 4 with payload: 33: process 4 has DONE with balance $39

33: process 5 has DONE with balance $53
Stop parent message from 5 with payload: 33: process 5 has DONE with balance $53

1111: process 0 received all DONE messages
-------------------- HISTORY PARENT 1 6 --------------
42: process 1 received all DONE messages
42: process 2 received all DONE messages
-------------------- FINISH CHILD 1 1 --------------
Check history: 1
42: process 3 received all DONE messages
-------------------- FINISH CHILD 1 2 --------------
Check history: 2
42: process 4 received all DONE messages
Check history: 3
-------------------- FINISH CHILD 1 3 --------------
42: process 5 received all DONE messages
-------------------- FINISH CHILD 1 4 --------------
Check history: 4
-------------------- FINISH CHILD 1 5 --------------
Check history: 5
-------------------- WAIT PARENT 1 6 --------------
-------------------- FINISH PARENT 1 6 --------------
-------------------- VERSION 1.2.1 tag:340542012 --------------
-------------------- INIT CHILD 1 1 --------------
-------------------- IN INIT CHILD 1 1 --------------
0: process 1 (pid 27128, parent 27127) has STARTED with balance $10
-------------------- CLOSED PIPES 1 1 --------------
-------------------- BEFORE TIME 1 1 --------------
-------------------- AFTER TIME 1 1 --------------
-------------------- SENT START 1 1 --------------
-------------------- RECEIVED START 1 1 --------------
1: process 1 received all STARTED messages
-------------------- HANDLE CHILD 1 1 --------------
1: process 1 has DONE with balance $10
2: process 1 received all DONE messages
-------------------- INIT CHILD 1 2 --------------
-------------------- IN INIT CHILD 1 2 --------------
0: process 2 (pid 27129, parent 27127) has STARTED with balance $20
-------------------- CLOSED PIPES 1 2 --------------
-------------------- BEFORE TIME 1 2 --------------
-------------------- AFTER TIME 1 2 --------------
-------------------- SENT START 1 2 --------------
-------------------- RECEIVED START 1 2 --------------
1: process 2 received all STARTED messages
-------------------- HANDLE CHILD 1 2 --------------
1: process 2 has DONE with balance $20
2: process 2 received all DONE messages
-------------------- INIT PARENT 1 6 --------------
-------------------- INIT CHILD 1 5 --------------
0: process 0 (pid 27127, parent 26778) has STARTED with balance $ 0
-------------------- IN INIT CHILD 1 5 --------------
0: process 0 received all STARTED messages
-------------------- WORK PARENT 1 6 --------------
0: process 5 (pid 27132, parent 27127) has STARTED with balance $50
-------------------- CLOSED PIPES 1 5 --------------
-------------------- BEFORE TIME 1 5 --------------
-------------------- AFTER TIME 1 5 --------------
-------------------- SENT START 1 5 --------------
-------------------- RECEIVED START 1 5 --------------
1: process 5 received all STARTED messages
-------------------- HANDLE CHILD 1 5 --------------
1: process 5 has DONE with balance $50
2: process 5 received all DONE messages
-------------------- INIT CHILD 1 3 --------------
-------------------- IN INIT CHILD 1 3 --------------
0: process 3 (pid 27130, parent 27127) has STARTED with balance $30
-------------------- CLOSED PIPES 1 3 --------------
-------------------- BEFORE TIME 1 3 --------------
-------------------- AFTER TIME 1 3 --------------
-------------------- SENT START 1 3 --------------
-------------------- RECEIVED START 1 3 --------------
1: process 3 received all STARTED messages
-------------------- HANDLE CHILD 1 3 --------------
1: process 3 has DONE with balance $30
2: process 3 received all DONE messages
-------------------- INIT CHILD 1 4 --------------
-------------------- IN INIT CHILD 1 4 --------------
0: process 4 (pid 27131, parent 27127) has STARTED with balance $40
-------------------- CLOSED PIPES 1 4 --------------
-------------------- BEFORE TIME 1 4 --------------
-------------------- AFTER TIME 1 4 --------------
-------------------- SENT START 1 4 --------------
-------------------- RECEIVED START 1 4 --------------
1: process 4 received all STARTED messages
-------------------- HANDLE CHILD 1 4 --------------
1: process 4 has DONE with balance $40
2: process 4 received all DONE messages
-------------------- FINISH CHILD 1 1 --------------
-------------------- FINISH CHILD 1 2 --------------
-------------------- VERSION 1.2.1 tag:1617247280 --------------
-------------------- INIT CHILD 1 1 --------------
-------------------- IN INIT CHILD 1 1 --------------
0: process 1 (pid 27263, parent 27262) has STARTED with balance $10
-------------------- CLOSED PIPES 1 1 --------------
-------------------- BEFORE TIME 1 1 --------------
-------------------- AFTER TIME 1 1 --------------
-------------------- SENT START 1 1 --------------
-------------------- RECEIVED START 1 1 --------------
1: process 1 received all STARTED messages
-------------------- HANDLE CHILD 1 1 --------------
1: process 1 has DONE with balance $10
2: process 1 received all DONE messages
-------------------- INIT CHILD 1 2 --------------
-------------------- IN INIT CHILD 1 2 --------------
0: process 2 (pid 27264, parent 27262) has STARTED with balance $20
-------------------- CLOSED PIPES 1 2 --------------
-------------------- BEFORE TIME 1 2 --------------
-------------------- AFTER TIME 1 2 --------------
-------------------- SENT START 1 2 --------------
-------------------- RECEIVED START 1 2 --------------
1: process 2 received all STARTED messages
-------------------- HANDLE CHILD 1 2 --------------
1: process 2 has DONE with balance $20
2: process 2 received all DONE messages
-------------------- INIT CHILD 1 3 --------------
-------------------- INIT CHILD 1 4 --------------
-------------------- IN INIT CHILD 1 3 --------------
-------------------- IN INIT CHILD 1 4 --------------
0: process 3 (pid 27265, parent 27262) has STARTED with balance $30
0: process 4 (pid 27266, parent 27262) has STARTED with balance $40
-------------------- INIT PARENT 1 6 --------------
-------------------- CLOSED PIPES 1 4 --------------
-------------------- CLOSED PIPES 1 3 --------------
-------------------- INIT CHILD 1 5 --------------
-------------------- BEFORE TIME 1 4 --------------
-------------------- BEFORE TIME 1 3 --------------
-------------------- IN INIT CHILD 1 5 --------------
-------------------- AFTER TIME 1 3 --------------
0: process 5 (pid 27267, parent 27262) has STARTED with balance $50
0: process 0 (pid 27262, parent 26778) has STARTED with balance $ 0
-------------------- AFTER TIME 1 4 --------------
-------------------- SENT START 1 3 --------------
-------------------- CLOSED PIPES 1 5 --------------
0: process 0 received all STARTED messages
-------------------- SENT START 1 4 --------------
-------------------- RECEIVED START 1 3 --------------
-------------------- BEFORE TIME 1 5 --------------
-------------------- WORK PARENT 1 6 --------------
-------------------- RECEIVED START 1 4 --------------
1: process 3 received all STARTED messages
-------------------- AFTER TIME 1 5 --------------
1: process 4 received all STARTED messages
-------------------- HANDLE CHILD 1 3 --------------
-------------------- SENT START 1 5 --------------
10: process 0 received all DONE messages
-------------------- HANDLE CHILD 1 4 --------------
-------------------- RECEIVED START 1 5 --------------
1: process 3 has DONE with balance $30
-------------------- HISTORY PARENT 1 6 --------------
1: process 4 has DONE with balance $40
1: process 5 received all STARTED messages
2: process 3 received all DONE messages
2: process 4 received all DONE messages
-------------------- HANDLE CHILD 1 5 --------------
1: process 5 has DONE with balance $50
2: process 5 received all DONE messages
-------------------- FINISH CHILD 1 1 --------------
Check history: 1
Check history: 2
-------------------- FINISH CHILD 1 2 --------------
-------------------- FINISH CHILD 1 4 --------------
-------------------- FINISH CHILD 1 3 --------------
-------------------- FINISH CHILD 1 5 --------------
Check history: 3
Check history: 4
Check history: 5
-------------------- WAIT PARENT 1 6 --------------
-------------------- FINISH PARENT 1 6 --------------
