Pipe 0 -> 1. Fd 5 -> 6
Pipe 0 -> 2. Fd 7 -> 8
Pipe 0 -> 3. Fd 9 -> 10
Pipe 0 -> 4. Fd 11 -> 12
Pipe 0 -> 5. Fd 13 -> 14
Pipe 1 -> 0. Fd 15 -> 16
Pipe 1 -> 2. Fd 17 -> 18
Pipe 1 -> 3. Fd 19 -> 20
Pipe 1 -> 4. Fd 21 -> 22
Pipe 1 -> 5. Fd 23 -> 24
Pipe 2 -> 0. Fd 25 -> 26
Pipe 2 -> 1. Fd 27 -> 28
Pipe 2 -> 3. Fd 29 -> 30
Pipe 2 -> 4. Fd 31 -> 32
Pipe 2 -> 5. Fd 33 -> 34
Pipe 3 -> 0. Fd 35 -> 36
Pipe 3 -> 1. Fd 37 -> 38
Pipe 3 -> 2. Fd 39 -> 40
Pipe 3 -> 4. Fd 41 -> 42
Pipe 3 -> 5. Fd 46 -> 49
Pipe 4 -> 0. Fd 50 -> 51
Pipe 4 -> 1. Fd 52 -> 53
Pipe 4 -> 2. Fd 54 -> 55
Pipe 4 -> 3. Fd 56 -> 57
Pipe 4 -> 5. Fd 58 -> 59
Pipe 5 -> 0. Fd 60 -> 61
Pipe 5 -> 1. Fd 62 -> 63
Pipe 5 -> 2. Fd 64 -> 65
Pipe 5 -> 3. Fd 66 -> 67
Pipe 5 -> 4. Fd 68 -> 69
Pipe 0 -> 1. Fd 5 -> 6
Pipe 0 -> 2. Fd 7 -> 8
Pipe 0 -> 3. Fd 9 -> 10
Pipe 0 -> 4. Fd 11 -> 12
Pipe 0 -> 5. Fd 13 -> 14
Pipe 1 -> 0. Fd 15 -> 16
Pipe 1 -> 2. Fd 17 -> 18
Pipe 1 -> 3. Fd 19 -> 20
Pipe 1 -> 4. Fd 21 -> 22
Pipe 1 -> 5. Fd 23 -> 24
Pipe 2 -> 0. Fd 25 -> 26
Pipe 2 -> 1. Fd 27 -> 28
Pipe 2 -> 3. Fd 29 -> 30
Pipe 2 -> 4. Fd 31 -> 32
Pipe 2 -> 5. Fd 33 -> 34
Pipe 3 -> 0. Fd 35 -> 36
Pipe 3 -> 1. Fd 37 -> 38
Pipe 3 -> 2. Fd 39 -> 40
Pipe 3 -> 4. Fd 41 -> 42
Pipe 3 -> 5. Fd 46 -> 49
Pipe 4 -> 0. Fd 50 -> 51
Pipe 4 -> 1. Fd 52 -> 53
Pipe 4 -> 2. Fd 54 -> 55
Pipe 4 -> 3. Fd 56 -> 57
Pipe 4 -> 5. Fd 58 -> 59
Pipe 5 -> 0. Fd 60 -> 61
Pipe 5 -> 1. Fd 62 -> 63
Pipe 5 -> 2. Fd 64 -> 65
Pipe 5 -> 3. Fd 66 -> 67
Pipe 5 -> 4. Fd 68 -> 69
Pipe 0 -> 1. Fd 5 -> 6
Pipe 0 -> 2. Fd 7 -> 8
Pipe 0 -> 3. Fd 9 -> 10
Pipe 0 -> 4. Fd 11 -> 12
Pipe 0 -> 5. Fd 13 -> 14
Pipe 1 -> 0. Fd 15 -> 16
Pipe 1 -> 2. Fd 17 -> 18
Pipe 1 -> 3. Fd 19 -> 20
Pipe 1 -> 4. Fd 21 -> 22
Pipe 1 -> 5. Fd 23 -> 24
Pipe 2 -> 0. Fd 25 -> 26
Pipe 2 -> 1. Fd 27 -> 28
Pipe 2 -> 3. Fd 29 -> 30
Pipe 2 -> 4. Fd 31 -> 32
Pipe 2 -> 5. Fd 33 -> 34
Pipe 3 -> 0. Fd 35 -> 36
Pipe 3 -> 1. Fd 37 -> 38
Pipe 3 -> 2. Fd 39 -> 40
Pipe 3 -> 4. Fd 41 -> 42
Pipe 3 -> 5. Fd 46 -> 49
Pipe 4 -> 0. Fd 50 -> 51
Pipe 4 -> 1. Fd 52 -> 53
Pipe 4 -> 2. Fd 54 -> 55
Pipe 4 -> 3. Fd 56 -> 57
Pipe 4 -> 5. Fd 58 -> 59
Pipe 5 -> 0. Fd 60 -> 61
Pipe 5 -> 1. Fd 62 -> 63
Pipe 5 -> 2. Fd 64 -> 65
Pipe 5 -> 3. Fd 66 -> 67
Pipe 5 -> 4. Fd 68 -> 69
